info it worked if it ends with ok
verbose cli [ 'node', '/usr/bin/npm', 'install', 'htmlparser' ]
info using npm@1.0.13
info using node@v0.5.0-pre
verbose /usr/bin/node node symlink
verbose config file /home/thomas/.npmrc
verbose config file /usr/etc/npmrc
silly testEngine { name: 'cssom',
silly testEngine   description: 'CSS Object Model implementation and CSS parser',
silly testEngine   keywords: [ 'CSS', 'CSSOM', 'parser', 'styleSheet' ],
silly testEngine   version: '0.2.0',
silly testEngine   homepage: 'https://github.com/NV/CSSOM',
silly testEngine   author: { name: 'Nikita Vasilyev', email: 'me@elv1s.ru' },
silly testEngine   repository: { type: 'git', url: 'git://github.com/NV/CSSOM.git' },
silly testEngine   bugs: { url: 'https://github.com/NV/CSSOM/issues' },
silly testEngine   directories: { doc: './doc', lib: './lib', test: './test' },
silly testEngine   main: './lib/index.js',
silly testEngine   engines: { node: '>=0.2.0' },
silly testEngine   licenses: 
silly testEngine    [ { type: 'MIT',
silly testEngine        url: 'http://creativecommons.org/licenses/MIT/' } ],
silly testEngine   _npmJsonOpts: 
silly testEngine    { file: '/home/thomas/node_modules/cssom/package.json',
silly testEngine      wscript: false,
silly testEngine      contributors: false,
silly testEngine      serverjs: false },
silly testEngine   _id: 'cssom@0.2.0',
silly testEngine   dependencies: {},
silly testEngine   devDependencies: {},
silly testEngine   _engineSupported: true,
silly testEngine   _npmVersion: '1.0.13',
silly testEngine   _nodeVersion: 'v0.5.0-pre',
silly testEngine   _defaultsLoaded: true }
verbose caching /home/thomas/node_modules/cssom/package.json
verbose loadDefaults cssom@0.2.0
silly testEngine { name: 'jsdom',
silly testEngine   version: '0.2.0',
silly testEngine   description: 'A javascript implementation of the W3C DOM',
silly testEngine   keywords: [ 'dom', 'w3c', 'javascript' ],
silly testEngine   maintainers: 
silly testEngine    [ { name: 'Elijah Insua',
silly testEngine        email: 'tmpvar@gmail.com',
silly testEngine        url: 'http://tmpvar.com' } ],
silly testEngine   contributors: 
silly testEngine    [ { name: 'Vincent Greene',
silly testEngine        email: 'ulteriorlife@gmail.com' },
silly testEngine      { name: 'Dav Glass', email: 'davglass@gmail.com' },
silly testEngine      { name: 'Felix Gnass', email: 'fgnass@gmail.com' },
silly testEngine      { name: 'Charlie Robins',
silly testEngine        email: 'charlie.robbins@gmail.com' },
silly testEngine      { name: 'Aria Stewart', email: 'aredridel@nbtsc.org' },
silly testEngine      { name: 'Matthew',
silly testEngine        email: 'N.A.',
silly testEngine        url: 'http://github.com/matthewpflueger/' },
silly testEngine      { name: 'Olivier El Mekki',
silly testEngine        email: 'unknown',
silly testEngine        url: 'http://blog.olivier-elmekki.com/' },
silly testEngine      { name: 'Shimon Dookdin',
silly testEngine        email: 'helpmepro1@gmail.com' },
silly testEngine      { name: 'Daniel Cassidy',
silly testEngine        email: 'mail@danielcassidy.me.uk',
silly testEngine        url: 'http://www.danielcassidy.me.uk/' },
silly testEngine      { name: 'Sam Ruby',
silly testEngine        email: 'N/A',
silly testEngine        url: 'http://intertwingly.net/blog/' },
silly testEngine      { name: 'hij1nx', url: 'http://github.com/hij1nx' } ],
silly testEngine   bugs: 
silly testEngine    { email: 'tmpvar@gmail.com',
silly testEngine      url: 'http://github.com/tmpvar/jsdom/issues' },
silly testEngine   licenses: 
silly testEngine    [ { type: 'MIT',
silly testEngine        url: 'http://github.com/tmpvar/jsdom/blob/master/LICENSE.txt' } ],
silly testEngine   repositories: 
silly testEngine    [ { type: 'git',
silly testEngine        url: 'http://github.com/tmpvar/jsdom.git' } ],
silly testEngine   implements: [ 'http://www.w3.org/TR/REC-DOM-Level-1' ],
silly testEngine   dependencies: { htmlparser: '>=1.7.0', request: '>=1.0.0' },
silly testEngine   devDependiencies: { 'mjsunit.runner': '>=0.1.0' },
silly testEngine   engines: { node: '>=0.1.9' },
silly testEngine   directories: { lib: './lib/jsdom' },
silly testEngine   main: './lib/jsdom',
silly testEngine   _npmJsonOpts: 
silly testEngine    { file: '/home/thomas/node_modules/jsdom/package.json',
silly testEngine      contributors: false,
silly testEngine      serverjs: false,
silly testEngine      wscript: false },
silly testEngine   _id: 'jsdom@0.2.0',
silly testEngine   devDependencies: {},
silly testEngine   _engineSupported: true,
silly testEngine   _npmVersion: '1.0.13',
silly testEngine   _nodeVersion: 'v0.5.0-pre',
silly testEngine   _defaultsLoaded: true }
verbose caching /home/thomas/node_modules/jsdom/package.json
verbose loadDefaults jsdom@0.2.0
verbose into /home/thomas [ 'htmlparser' ]
verbose cache add [ 'htmlparser', null ]
info addNamed [ 'htmlparser', '' ]
verbose addNamed [ null, '' ]
verbose GET htmlparser
verbose raw, before any munging htmlparser
verbose url resolving [ 'http://registry.npmjs.org/', './htmlparser' ]
verbose url resolved http://registry.npmjs.org/htmlparser
verbose url parsed { protocol: 'http:',
verbose url parsed   slashes: true,
verbose url parsed   host: 'registry.npmjs.org',
verbose url parsed   hostname: 'registry.npmjs.org',
verbose url parsed   href: 'http://registry.npmjs.org/htmlparser',
verbose url parsed   pathname: '/htmlparser' }
verbose etag "9UXK9UVIG7FJL482QJOC1FQ39"
ERR! Error: ENOTFOUND, Domain name not found
ERR!     at IOWatcher.callback (dns.js:74:15)
ERR! Report this *entire* log at:
ERR!     <http://github.com/isaacs/npm/issues>
ERR! or email it to:
ERR!     <npm-@googlegroups.com>
ERR! 
ERR! System Linux 2.6.32-32-generic
ERR! command "node" "/usr/bin/npm" "install" "htmlparser"
verbose exit [ 4, true ]
